25-Jul-2024 07:26:25.658 INFO [main] org.apache.catalina.core.ApplicationContext.log ContextListener: contextInitialized()
25-Jul-2024 07:26:25.658 INFO [main] org.apache.catalina.core.ApplicationContext.log SessionListener: contextInitialized()
25-Jul-2024 07:26:25.659 INFO [main] org.apache.catalina.core.ApplicationContext.log ContextListener: attributeAdded('StockTicker', 'async.Stockticker@21ed4a51')
25-Jul-2024 07:30:29.290 INFO [main] org.apache.catalina.core.ApplicationContext.log SessionListener: contextDestroyed()
25-Jul-2024 07:30:29.290 INFO [main] org.apache.catalina.core.ApplicationContext.log ContextListener: contextDestroyed()
25-Jul-2024 07:30:32.250 INFO [main] org.apache.catalina.core.ApplicationContext.log ContextListener: contextInitialized()
25-Jul-2024 07:30:32.251 INFO [main] org.apache.catalina.core.ApplicationContext.log SessionListener: contextInitialized()
25-Jul-2024 07:30:32.252 INFO [main] org.apache.catalina.core.ApplicationContext.log ContextListener: attributeAdded('StockTicker', 'async.Stockticker@18419ab7')
25-Jul-2024 07:30:48.100 INFO [main] org.apache.catalina.core.ApplicationContext.log SessionListener: contextDestroyed()
25-Jul-2024 07:30:48.100 INFO [main] org.apache.catalina.core.ApplicationContext.log ContextListener: contextDestroyed()
25-Jul-2024 07:31:44.517 INFO [main] org.apache.catalina.core.ApplicationContext.log ContextListener: contextInitialized()
25-Jul-2024 07:31:44.517 INFO [main] org.apache.catalina.core.ApplicationContext.log SessionListener: contextInitialized()
25-Jul-2024 07:31:44.518 INFO [main] org.apache.catalina.core.ApplicationContext.log ContextListener: attributeAdded('StockTicker', 'async.Stockticker@8dd0c70')
25-Jul-2024 07:32:31.642 INFO [main] org.apache.catalina.core.ApplicationContext.log SessionListener: contextDestroyed()
25-Jul-2024 07:32:31.642 INFO [main] org.apache.catalina.core.ApplicationContext.log ContextListener: contextDestroyed()
25-Jul-2024 07:32:34.764 INFO [main] org.apache.catalina.core.ApplicationContext.log ContextListener: contextInitialized()
25-Jul-2024 07:32:34.765 INFO [main] org.apache.catalina.core.ApplicationContext.log SessionListener: contextInitialized()
25-Jul-2024 07:32:34.766 INFO [main] org.apache.catalina.core.ApplicationContext.log ContextListener: attributeAdded('StockTicker', 'async.Stockticker@7aad7df5')
25-Jul-2024 07:33:04.892 INFO [main] org.apache.catalina.core.ApplicationContext.log SessionListener: contextDestroyed()
25-Jul-2024 07:33:04.892 INFO [main] org.apache.catalina.core.ApplicationContext.log ContextListener: contextDestroyed()
25-Jul-2024 07:39:25.036 INFO [main] org.apache.catalina.core.ApplicationContext.log ContextListener: contextInitialized()
25-Jul-2024 07:39:25.036 INFO [main] org.apache.catalina.core.ApplicationContext.log SessionListener: contextInitialized()
25-Jul-2024 07:39:25.037 INFO [main] org.apache.catalina.core.ApplicationContext.log ContextListener: attributeAdded('StockTicker', 'async.Stockticker@3d41881')
25-Jul-2024 07:39:25.484 INFO [main] org.apache.catalina.core.ApplicationContext.log SessionListener: contextDestroyed()
25-Jul-2024 07:39:25.484 INFO [main] org.apache.catalina.core.ApplicationContext.log ContextListener: contextDestroyed()
25-Jul-2024 07:49:51.467 INFO [main] org.apache.catalina.core.ApplicationContext.log ContextListener: contextInitialized()
25-Jul-2024 07:49:51.467 INFO [main] org.apache.catalina.core.ApplicationContext.log SessionListener: contextInitialized()
25-Jul-2024 07:49:51.469 INFO [main] org.apache.catalina.core.ApplicationContext.log ContextListener: attributeAdded('StockTicker', 'async.Stockticker@6289376f')
25-Jul-2024 07:50:14.888 INFO [main] org.apache.catalina.core.ApplicationContext.log SessionListener: contextDestroyed()
25-Jul-2024 07:50:14.888 INFO [main] org.apache.catalina.core.ApplicationContext.log ContextListener: contextDestroyed()
25-Jul-2024 07:50:32.846 INFO [main] org.apache.catalina.core.ApplicationContext.log ContextListener: contextInitialized()
25-Jul-2024 07:50:32.846 INFO [main] org.apache.catalina.core.ApplicationContext.log SessionListener: contextInitialized()
25-Jul-2024 07:50:32.847 INFO [main] org.apache.catalina.core.ApplicationContext.log ContextListener: attributeAdded('StockTicker', 'async.Stockticker@13835bdc')
25-Jul-2024 07:51:10.953 INFO [main] org.apache.catalina.core.ApplicationContext.log SessionListener: contextDestroyed()
25-Jul-2024 07:51:10.953 INFO [main] org.apache.catalina.core.ApplicationContext.log ContextListener: contextDestroyed()
25-Jul-2024 07:51:40.489 INFO [main] org.apache.catalina.core.ApplicationContext.log ContextListener: contextInitialized()
25-Jul-2024 07:51:40.489 INFO [main] org.apache.catalina.core.ApplicationContext.log SessionListener: contextInitialized()
25-Jul-2024 07:51:40.490 INFO [main] org.apache.catalina.core.ApplicationContext.log ContextListener: attributeAdded('StockTicker', 'async.Stockticker@13835bdc')
25-Jul-2024 07:51:53.333 INFO [main] org.apache.catalina.core.ApplicationContext.log SessionListener: contextDestroyed()
25-Jul-2024 07:51:53.333 INFO [main] org.apache.catalina.core.ApplicationContext.log ContextListener: contextDestroyed()
25-Jul-2024 07:52:00.622 INFO [main] org.apache.catalina.core.ApplicationContext.log ContextListener: contextInitialized()
25-Jul-2024 07:52:00.622 INFO [main] org.apache.catalina.core.ApplicationContext.log SessionListener: contextInitialized()
25-Jul-2024 07:52:00.623 INFO [main] org.apache.catalina.core.ApplicationContext.log ContextListener: attributeAdded('StockTicker', 'async.Stockticker@112d8c18')
25-Jul-2024 07:52:08.351 INFO [main] org.apache.catalina.core.ApplicationContext.log SessionListener: contextDestroyed()
25-Jul-2024 07:52:08.351 INFO [main] org.apache.catalina.core.ApplicationContext.log ContextListener: contextDestroyed()
